{
  "RSpec": {
    "coverage": {
      "/home/ubuntu/workspace/schedule/spec/controllers/availability_controller_spec.rb": [
        1,
        null,
        1,
        null,
        null
      ],
      "/home/ubuntu/workspace/schedule/spec/rails_helper.rb": [
        null,
        1,
        1,
        1,
        null,
        1,
        1,
        null,
        null,
        null,
        null,
        null,
        null,
        null,
        null,
        null,
        null,
        null,
        null,
        null,
        null,
        null,
        null,
        null,
        null,
        null,
        1,
        null,
        1,
        null,
        1,
        null,
        null,
        null,
        null,
        1,
        null,
        null,
        null,
        null,
        null,
        null,
        null,
        null,
        null,
        null,
        null,
        null,
        null,
        null,
        1,
        null,
        null,
        1,
        null,
        null,
        null
      ],
      "/home/ubuntu/workspace/schedule/config/environment.rb": [
        null,
        1,
        null,
        null,
        1
      ],
      "/home/ubuntu/workspace/schedule/config/application.rb": [
        1,
        null,
        1,
        null,
        null,
        null,
        1,
        null,
        1,
        1,
        null,
        1,
        null,
        null,
        null,
        null,
        null,
        null
      ],
      "/home/ubuntu/workspace/schedule/config/boot.rb": [
        1,
        null,
        1
      ],
      "/home/ubuntu/workspace/schedule/config/environments/test.rb": [
        1,
        null,
        null,
        null,
        null,
        null,
        null,
        1,
        null,
        null,
        null,
        null,
        1,
        null,
        null,
        1,
        1,
        null,
        null,
        null,
        null,
        1,
        1,
        null,
        null,
        1,
        null,
        null,
        1,
        1,
        null,
        null,
        null,
        null,
        1,
        null,
        null,
        1,
        null,
        null,
        null,
        null
      ],
      "/home/ubuntu/workspace/schedule/config/initializers/application_controller_renderer.rb": [
        null,
        null,
        null,
        null,
        null,
        null,
        null,
        null
      ],
      "/home/ubuntu/workspace/schedule/config/initializers/assets.rb": [
        null,
        null,
        null,
        1,
        null,
        null,
        null,
        null,
        1,
        null,
        null,
        null,
        null,
        null
      ],
      "/home/ubuntu/workspace/schedule/config/initializers/backtrace_silencers.rb": [
        null,
        null,
        null,
        null,
        null,
        null,
        null
      ],
      "/home/ubuntu/workspace/schedule/config/initializers/cookies_serializer.rb": [
        null,
        null,
        null,
        null,
        1
      ],
      "/home/ubuntu/workspace/schedule/config/initializers/filter_parameter_logging.rb": [
        null,
        null,
        null,
        1
      ],
      "/home/ubuntu/workspace/schedule/config/initializers/inflections.rb": [
        null,
        null,
        null,
        null,
        null,
        null,
        null,
        null,
        null,
        null,
        null,
        null,
        null,
        null,
        null,
        null
      ],
      "/home/ubuntu/workspace/schedule/config/initializers/mime_types.rb": [
        null,
        null,
        null,
        null
      ],
      "/home/ubuntu/workspace/schedule/config/initializers/wrap_parameters.rb": [
        null,
        null,
        null,
        null,
        null,
        null,
        1,
        2,
        null,
        null,
        null,
        null,
        null,
        null
      ],
      "/home/ubuntu/workspace/schedule/config/routes.rb": [
        1,
        null,
        1,
        null,
        1,
        1,
        1,
        null,
        1,
        null,
        null,
        null,
        null,
        1,
        1,
        1,
        1,
        null,
        null,
        null,
        1,
        1,
        1,
        1,
        null,
        null,
        null,
        null,
        1,
        1,
        1,
        1,
        null,
        null
      ],
      "/home/ubuntu/workspace/schedule/app/helpers/application_helper.rb": [
        1,
        null
      ],
      "/home/ubuntu/workspace/schedule/app/helpers/availability_helper.rb": [
        1,
        null
      ],
      "/home/ubuntu/workspace/schedule/app/helpers/schedules_helper.rb": [
        1,
        null
      ],
      "/home/ubuntu/workspace/schedule/app/helpers/user_helper.rb": [
        1,
        null
      ],
      "/home/ubuntu/workspace/schedule/spec/controllers/create_availabilities_controller_spec.rb": [
        1,
        null,
        1,
        null,
        null
      ],
      "/home/ubuntu/workspace/schedule/spec/controllers/schedules_controller_spec.rb": [
        1,
        null,
        1,
        null,
        null
      ],
      "/home/ubuntu/workspace/schedule/spec/controllers/user_controller_spec.rb": [
        1,
        null,
        1,
        null,
        null
      ],
      "/home/ubuntu/workspace/schedule/spec/helpers/availability_helper_spec.rb": [
        1,
        null,
        null,
        null,
        null,
        null,
        null,
        null,
        null,
        null,
        null,
        null,
        1,
        1,
        null
      ],
      "/home/ubuntu/workspace/schedule/spec/helpers/create_availabilities_helper_spec.rb": [
        1,
        null,
        null,
        null,
        null,
        null,
        null,
        null,
        null,
        null,
        null,
        null,
        1,
        0,
        null
      ],
      "/home/ubuntu/workspace/schedule/spec/helpers/schedules_helper_spec.rb": [
        1,
        null,
        null,
        null,
        null,
        null,
        null,
        null,
        null,
        null,
        null,
        null,
        1,
        1,
        null
      ],
      "/home/ubuntu/workspace/schedule/spec/helpers/user_helper_spec.rb": [
        1,
        null,
        null,
        null,
        null,
        null,
        null,
        null,
        null,
        null,
        null,
        null,
        1,
        1,
        null
      ],
      "/home/ubuntu/workspace/schedule/spec/models/availability_spec.rb": [
        1,
        null,
        1,
        1,
        null
      ],
      "/home/ubuntu/workspace/schedule/app/models/availability.rb": [
        1,
        1,
        null
      ],
      "/home/ubuntu/workspace/schedule/app/models/application_record.rb": [
        1,
        1,
        null
      ]
    },
    "timestamp": 1512518892
  }
}
